<?xml version="1.0" encoding="UTF-8"?>
<!-- Generated by org.testng.reporters.JUnitXMLReporter -->
<testsuite hostname="Johan96" name="Surefire test" tests="20" failures="0" timestamp="19 Oct 2016 11:12:09 GMT" time="0.223" errors="0">
  <testcase name="TestsetGenderConverterArrayValues on TestsetGenderConverterArrayValues(se.nackademin.examination.examination_jacoco.ConversorTest)" time="0.007" classname="se.nackademin.examination.examination_jacoco.ConversorTest"/>
  <testcase name="testConversor on testConversor(se.nackademin.examination.examination_jacoco.ConversorTest)" time="0.0" classname="se.nackademin.examination.examination_jacoco.ConversorTest"/>
  <testcase name="TestSetCityConverterArrayValues on TestSetCityConverterArrayValues(se.nackademin.examination.examination_jacoco.ConversorTest)" time="0.0" classname="se.nackademin.examination.examination_jacoco.ConversorTest"/>
  <testcase name="TestSetAgeConverterArrayValues on TestSetAgeConverterArrayValues(se.nackademin.examination.examination_jacoco.ConversorTest)" time="0.0" classname="se.nackademin.examination.examination_jacoco.ConversorTest"/>
  <testcase name="TestRunGame on TestRunGame(se.nackademin.examination.examination_jacoco.GameTest)" time="0.006" classname="se.nackademin.examination.examination_jacoco.GameTest"/>
  <testcase name="TestGetAgeFromInputValues on TestGetAgeFromInputValues(se.nackademin.examination.examination_jacoco.GameTest)" time="0.0" classname="se.nackademin.examination.examination_jacoco.GameTest"/>
  <testcase name="TestCalculateOutPutBasedOnGender on TestCalculateOutPutBasedOnGender(se.nackademin.examination.examination_jacoco.GameTest)" time="0.001" classname="se.nackademin.examination.examination_jacoco.GameTest"/>
  <testcase name="TestCalculateOutPutBasedOnAge on TestCalculateOutPutBasedOnAge(se.nackademin.examination.examination_jacoco.GameTest)" time="0.0" classname="se.nackademin.examination.examination_jacoco.GameTest"/>
  <testcase name="TestGetGenderFromInputValues on TestGetGenderFromInputValues(se.nackademin.examination.examination_jacoco.GameTest)" time="0.001" classname="se.nackademin.examination.examination_jacoco.GameTest"/>
  <testcase name="TestRun on TestRun(se.nackademin.examination.examination_jacoco.GameTest)" time="0.004" classname="se.nackademin.examination.examination_jacoco.GameTest"/>
  <testcase name="testMethod1 on testMethod1(se.nackademin.examination.examination_jacoco.GameTest)" time="0.0" classname="se.nackademin.examination.examination_jacoco.GameTest"/>
  <testcase name="TestCalculateOutPutBasedOnHomeCity on TestCalculateOutPutBasedOnHomeCity(se.nackademin.examination.examination_jacoco.GameTest)" time="0.0" classname="se.nackademin.examination.examination_jacoco.GameTest"/>
  <testcase name="TestBuildFinalString on TestBuildFinalString(se.nackademin.examination.examination_jacoco.GameTest)" time="0.0" classname="se.nackademin.examination.examination_jacoco.GameTest"/>
  <testcase name="testMainMethod on testMainMethod(se.nackademin.examination.examination_jacoco.MainTest)" time="0.001" classname="se.nackademin.examination.examination_jacoco.MainTest"/>
  <testcase name="testResultForHomeCity on testResultForHomeCity(se.nackademin.examination.examination_jacoco.ResultsFromInputsTest)" time="0.0" classname="se.nackademin.examination.examination_jacoco.ResultsFromInputsTest"/>
  <testcase name="testResultForGender on testResultForGender(se.nackademin.examination.examination_jacoco.ResultsFromInputsTest)" time="0.0" classname="se.nackademin.examination.examination_jacoco.ResultsFromInputsTest"/>
  <testcase name="testResultForAge on testResultForAge(se.nackademin.examination.examination_jacoco.ResultsFromInputsTest)" time="0.001" classname="se.nackademin.examination.examination_jacoco.ResultsFromInputsTest"/>
  <testcase name="testAgeGettersAndSettersMethods on testAgeGettersAndSettersMethods(se.nackademin.examination.examination_jacoco.ResultsFromInputsTest)" time="0.001" classname="se.nackademin.examination.examination_jacoco.ResultsFromInputsTest"/>
  <testcase name="test1 on test1(se.nackademin.examination.examination_jacoco.DataAnalysisTest)" time="0.001" classname="se.nackademin.examination.examination_jacoco.DataAnalysisTest"/>
  <testcase name="test2 on test2(se.nackademin.examination.examination_jacoco.DataAnalysisTest)" time="0.001" classname="se.nackademin.examination.examination_jacoco.DataAnalysisTest"/>
</testsuite> <!-- Surefire test -->
